<component name="ProjectRunConfigurationManager">
  <configuration default="false" name="JUnit" type="JUnit" factoryName="JUnit">
    <module name="delivery" />
    <extension name="coverage" track_test_folders="true">
      <pattern>
        <option name="PATTERN" value="org.hibernate.tool.schema.ast.GeneratedSqlScriptParserTokenTypes" />
        <option name="ENABLED" value="true" />
        <option name="INCLUDE" value="false" />
      </pattern>
      <pattern>
        <option name="PATTERN" value="gr.aueb.mscis.softeng.team6.delivery.serialization.mapper.OrderMapper" />
        <option name="ENABLED" value="true" />
        <option name="INCLUDE" value="false" />
      </pattern>
      <pattern>
        <option name="PATTERN" value="gr.aueb.mscis.softeng.team6.delivery.serialization.mapper.StoreMapper" />
        <option name="ENABLED" value="true" />
        <option name="INCLUDE" value="false" />
      </pattern>
    </extension>
    <option name="PACKAGE_NAME" value="gr.aueb.mscis.softeng.team6.delivery" />
    <option name="MAIN_CLASS_NAME" value="" />
    <option name="METHOD_NAME" value="" />
    <option name="TEST_OBJECT" value="package" />
    <option name="TEST_SEARCH_SCOPE">
      <value defaultName="wholeProject" />
    </option>
    <dir value="$PROJECT_DIR$/src/main" />
    <method v="2">
      <option name="Make" enabled="true" />
    </method>
  </configuration>
</component>